[2024-10-01 15:27:58,980: INFO: main: welcome to our custom logging]
[2024-10-02 09:35:44,284: INFO: data_ingestion: Configuration loaded successfully.]
[2024-10-02 09:35:44,315: INFO: data_ingestion: Root directory created at: artifacts/data_ingestion]
[2024-10-02 09:35:44,315: INFO: data_ingestion: Directory for local data file created at: artifacts/data_ingestion]
[2024-10-02 09:35:44,315: INFO: data_ingestion: Unzip directory created at: artifacts/data_ingestion]
[2024-10-02 09:35:44,315: INFO: data_ingestion: Downloading file from https://raw.githubusercontent.com/ragztigadi/data_files/c9830f66604257b903098b53d1755e4fbc71657d/summarizer-data.zip...]
[2024-10-02 09:35:46,135: INFO: data_ingestion: File downloaded successfully.]
[2024-10-02 09:35:46,270: INFO: data_ingestion: Extracting artifacts/data_ingestion/data.zip to artifacts/data_ingestion...]
[2024-10-02 09:35:47,137: INFO: data_ingestion: Files extracted successfully.]
[2024-10-02 09:35:47,137: INFO: main: >>>>>>> stage Data Ingestion stage started <<<<<<<]
[2024-10-02 09:35:47,137: INFO: stage_01_data_ingestion: Configuration loaded successfully.]
[2024-10-02 09:35:47,137: INFO: data_ingestion: Root directory created at: artifacts/data_ingestion]
[2024-10-02 09:35:47,137: INFO: data_ingestion: Directory for local data file created at: artifacts/data_ingestion]
[2024-10-02 09:35:47,137: INFO: data_ingestion: Unzip directory created at: artifacts/data_ingestion]
[2024-10-02 09:35:47,137: INFO: stage_01_data_ingestion: Data ingestion configuration: {'root_dir': 'artifacts/data_ingestion', 'source_url': 'https://raw.githubusercontent.com/ragztigadi/data_files/c9830f66604257b903098b53d1755e4fbc71657d/summarizer-data.zip', 'local_data_file': 'artifacts/data_ingestion/data.zip', 'unzip_dir': 'artifacts/data_ingestion'}]
[2024-10-02 09:35:47,137: INFO: stage_01_data_ingestion: Source URL: https://raw.githubusercontent.com/ragztigadi/data_files/c9830f66604257b903098b53d1755e4fbc71657d/summarizer-data.zip]
[2024-10-02 09:35:47,137: ERROR: main: 'DataIngestion' object has no attribute 'download_data']
Traceback (most recent call last):
  File "D:\Text Summarizer Project\Text-Summarizer-Project-\main.py", line 12, in <module>
    data_ingestion.main()
  File "D:\Text Summarizer Project\Text-Summarizer-Project-\src\textSummarizer\pipeline\stage_01_data_ingestion.py", line 30, in main
    self.data_ingestion.download_data()  # Call the method to download data
    ^^^^^^^^^^^^^^^^^^^^^^^^^^^^^^^^^
AttributeError: 'DataIngestion' object has no attribute 'download_data'. Did you mean: 'download_file'?
[2024-10-02 09:40:45,560: INFO: data_ingestion: Configuration loaded successfully.]
[2024-10-02 09:40:45,560: INFO: data_ingestion: Root directory created at: artifacts/data_ingestion]
[2024-10-02 09:40:45,560: INFO: data_ingestion: Directory for local data file created at: artifacts/data_ingestion]
[2024-10-02 09:40:45,560: INFO: data_ingestion: Unzip directory created at: artifacts/data_ingestion]
[2024-10-02 09:40:45,560: INFO: data_ingestion: Downloading file from https://raw.githubusercontent.com/ragztigadi/data_files/c9830f66604257b903098b53d1755e4fbc71657d/summarizer-data.zip...]
[2024-10-02 09:40:46,474: INFO: data_ingestion: File downloaded successfully.]
[2024-10-02 09:40:46,477: INFO: data_ingestion: Extracting artifacts/data_ingestion/data.zip to artifacts/data_ingestion...]
[2024-10-02 09:40:46,726: INFO: data_ingestion: Files extracted successfully.]
[2024-10-02 09:40:46,726: INFO: main: >>>>>>> stage Data Ingestion stage started <<<<<<<]
[2024-10-02 09:40:46,726: INFO: stage_01_data_ingestion: Configuration loaded successfully.]
[2024-10-02 09:40:46,726: INFO: data_ingestion: Root directory created at: artifacts/data_ingestion]
[2024-10-02 09:40:46,726: INFO: data_ingestion: Directory for local data file created at: artifacts/data_ingestion]
[2024-10-02 09:40:46,726: INFO: data_ingestion: Unzip directory created at: artifacts/data_ingestion]
[2024-10-02 09:40:46,726: INFO: stage_01_data_ingestion: Data ingestion configuration: {'root_dir': 'artifacts/data_ingestion', 'source_url': 'https://raw.githubusercontent.com/ragztigadi/data_files/c9830f66604257b903098b53d1755e4fbc71657d/summarizer-data.zip', 'local_data_file': 'artifacts/data_ingestion/data.zip', 'unzip_dir': 'artifacts/data_ingestion'}]
[2024-10-02 09:40:46,726: INFO: stage_01_data_ingestion: Source URL: https://raw.githubusercontent.com/ragztigadi/data_files/c9830f66604257b903098b53d1755e4fbc71657d/summarizer-data.zip]
[2024-10-02 09:40:46,726: INFO: data_ingestion: Downloading file from https://raw.githubusercontent.com/ragztigadi/data_files/c9830f66604257b903098b53d1755e4fbc71657d/summarizer-data.zip...]
[2024-10-02 09:40:47,270: INFO: data_ingestion: File downloaded successfully.]
[2024-10-02 09:40:47,270: INFO: main: >>>>>>> stage Data Ingestion stage completed <<<<<<<

x============x]
[2024-10-02 09:51:10,031: INFO: data_ingestion: Configuration loaded successfully.]
[2024-10-02 09:51:10,031: INFO: data_ingestion: Root directory created at: artifacts/data_ingestion]
[2024-10-02 09:51:10,031: INFO: data_ingestion: Directory for local data file created at: artifacts/data_ingestion]
[2024-10-02 09:51:10,031: INFO: data_ingestion: Unzip directory created at: artifacts/data_ingestion]
[2024-10-02 09:51:10,031: INFO: data_ingestion: Downloading file from https://raw.githubusercontent.com/ragztigadi/data_files/c9830f66604257b903098b53d1755e4fbc71657d/summarizer-data.zip...]
[2024-10-02 09:51:10,728: INFO: data_ingestion: File downloaded successfully.]
[2024-10-02 09:51:10,728: INFO: data_ingestion: Extracting artifacts/data_ingestion/data.zip to artifacts/data_ingestion...]
[2024-10-02 09:51:11,136: INFO: data_ingestion: Files extracted successfully.]
[2024-10-02 09:51:11,136: INFO: main: >>>>>>> stage Data Ingestion stage started <<<<<<<]
[2024-10-02 09:51:11,152: INFO: stage_01_data_ingestion: Configuration loaded successfully.]
[2024-10-02 09:51:11,152: INFO: data_ingestion: Root directory created at: artifacts/data_ingestion]
[2024-10-02 09:51:11,152: INFO: data_ingestion: Directory for local data file created at: artifacts/data_ingestion]
[2024-10-02 09:51:11,152: INFO: data_ingestion: Unzip directory created at: artifacts/data_ingestion]
[2024-10-02 09:51:11,156: INFO: stage_01_data_ingestion: Data ingestion configuration: {'root_dir': 'artifacts/data_ingestion', 'source_url': 'https://raw.githubusercontent.com/ragztigadi/data_files/c9830f66604257b903098b53d1755e4fbc71657d/summarizer-data.zip', 'local_data_file': 'artifacts/data_ingestion/data.zip', 'unzip_dir': 'artifacts/data_ingestion'}]
[2024-10-02 09:51:11,156: INFO: stage_01_data_ingestion: Source URL: https://raw.githubusercontent.com/ragztigadi/data_files/c9830f66604257b903098b53d1755e4fbc71657d/summarizer-data.zip]
[2024-10-02 09:51:11,157: INFO: data_ingestion: Downloading file from https://raw.githubusercontent.com/ragztigadi/data_files/c9830f66604257b903098b53d1755e4fbc71657d/summarizer-data.zip...]
[2024-10-02 09:51:12,174: INFO: data_ingestion: File downloaded successfully.]
[2024-10-02 09:51:12,189: INFO: main: >>>>>>> stage Data Ingestion stage completed <<<<<<<

x============x]
[2024-10-02 09:56:49,423: INFO: data_ingestion: Configuration loaded successfully.]
[2024-10-02 09:56:49,424: INFO: data_ingestion: Root directory created at: artifacts/data_ingestion]
[2024-10-02 09:56:49,424: INFO: data_ingestion: Directory for local data file created at: artifacts/data_ingestion]
[2024-10-02 09:56:49,425: INFO: data_ingestion: Unzip directory created at: artifacts/data_ingestion]
[2024-10-02 09:56:49,425: INFO: data_ingestion: Downloading file from https://raw.githubusercontent.com/ragztigadi/data_files/c9830f66604257b903098b53d1755e4fbc71657d/summarizer-data.zip...]
[2024-10-02 09:56:50,516: INFO: data_ingestion: File downloaded successfully.]
[2024-10-02 09:56:50,516: INFO: data_ingestion: Extracting artifacts/data_ingestion/data.zip to artifacts/data_ingestion...]
[2024-10-02 09:56:50,762: INFO: data_ingestion: Files extracted successfully.]
[2024-10-02 09:56:50,762: INFO: main: >>>>>>> stage Data Ingestion stage started <<<<<<<]
[2024-10-02 09:56:50,778: INFO: stage_01_data_ingestion: Configuration loaded successfully.]
[2024-10-02 09:56:50,778: INFO: data_ingestion: Root directory created at: artifacts/data_ingestion]
[2024-10-02 09:56:50,778: INFO: data_ingestion: Directory for local data file created at: artifacts/data_ingestion]
[2024-10-02 09:56:50,778: INFO: data_ingestion: Unzip directory created at: artifacts/data_ingestion]
[2024-10-02 09:56:50,778: INFO: stage_01_data_ingestion: Data ingestion configuration: {'root_dir': 'artifacts/data_ingestion', 'source_url': 'https://raw.githubusercontent.com/ragztigadi/data_files/c9830f66604257b903098b53d1755e4fbc71657d/summarizer-data.zip', 'local_data_file': 'artifacts/data_ingestion/data.zip', 'unzip_dir': 'artifacts/data_ingestion'}]
[2024-10-02 09:56:50,778: INFO: stage_01_data_ingestion: Source URL: https://raw.githubusercontent.com/ragztigadi/data_files/c9830f66604257b903098b53d1755e4fbc71657d/summarizer-data.zip]
[2024-10-02 09:56:50,778: INFO: data_ingestion: Downloading file from https://raw.githubusercontent.com/ragztigadi/data_files/c9830f66604257b903098b53d1755e4fbc71657d/summarizer-data.zip...]
[2024-10-02 09:56:51,377: INFO: data_ingestion: File downloaded successfully.]
[2024-10-02 09:56:51,393: INFO: main: >>>>>>> stage Data Ingestion stage completed <<<<<<<

x============x]
[2024-10-02 09:59:29,585: INFO: data_ingestion: Configuration loaded successfully.]
[2024-10-02 09:59:29,585: INFO: data_ingestion: Root directory created at: artifacts/data_ingestion]
[2024-10-02 09:59:29,585: INFO: data_ingestion: Directory for local data file created at: artifacts/data_ingestion]
[2024-10-02 09:59:29,585: INFO: data_ingestion: Unzip directory created at: artifacts/data_ingestion]
[2024-10-02 09:59:29,585: INFO: data_ingestion: Downloading file from https://raw.githubusercontent.com/ragztigadi/data_files/c9830f66604257b903098b53d1755e4fbc71657d/summarizer-data.zip...]
[2024-10-02 09:59:30,194: INFO: data_ingestion: File downloaded successfully.]
[2024-10-02 09:59:30,194: INFO: data_ingestion: Extracting artifacts/data_ingestion/data.zip to artifacts/data_ingestion...]
[2024-10-02 09:59:30,437: INFO: data_ingestion: Files extracted successfully.]
[2024-10-02 09:59:30,453: INFO: main: >>>>>>> stage Data Ingestion stage started <<<<<<<]
[2024-10-02 09:59:30,453: INFO: stage_01_data_ingestion: Configuration loaded successfully.]
[2024-10-02 09:59:30,453: INFO: data_ingestion: Root directory created at: artifacts/data_ingestion]
[2024-10-02 09:59:30,453: INFO: data_ingestion: Directory for local data file created at: artifacts/data_ingestion]
[2024-10-02 09:59:30,453: INFO: data_ingestion: Unzip directory created at: artifacts/data_ingestion]
[2024-10-02 09:59:30,453: INFO: stage_01_data_ingestion: Data ingestion configuration: {'root_dir': 'artifacts/data_ingestion', 'source_url': 'https://raw.githubusercontent.com/ragztigadi/data_files/c9830f66604257b903098b53d1755e4fbc71657d/summarizer-data.zip', 'local_data_file': 'artifacts/data_ingestion/data.zip', 'unzip_dir': 'artifacts/data_ingestion'}]
[2024-10-02 09:59:30,453: INFO: stage_01_data_ingestion: Source URL: https://raw.githubusercontent.com/ragztigadi/data_files/c9830f66604257b903098b53d1755e4fbc71657d/summarizer-data.zip]
[2024-10-02 09:59:30,453: INFO: data_ingestion: Downloading file from https://raw.githubusercontent.com/ragztigadi/data_files/c9830f66604257b903098b53d1755e4fbc71657d/summarizer-data.zip...]
[2024-10-02 09:59:30,999: INFO: data_ingestion: File downloaded successfully.]
[2024-10-02 09:59:30,999: INFO: main: >>>>>>> stage Data Ingestion stage completed <<<<<<<

x============x]
[2024-10-02 10:01:03,536: INFO: data_ingestion: Configuration loaded successfully.]
[2024-10-02 10:01:03,536: INFO: data_ingestion: Root directory created at: artifacts/data_ingestion]
[2024-10-02 10:01:03,536: INFO: data_ingestion: Directory for local data file created at: artifacts/data_ingestion]
[2024-10-02 10:01:03,536: INFO: data_ingestion: Unzip directory created at: artifacts/data_ingestion]
[2024-10-02 10:01:03,536: INFO: data_ingestion: Downloading file from https://raw.githubusercontent.com/ragztigadi/data_files/c9830f66604257b903098b53d1755e4fbc71657d/summarizer-data.zip...]
[2024-10-02 10:01:04,211: INFO: data_ingestion: File downloaded successfully.]
[2024-10-02 10:01:04,211: INFO: data_ingestion: Extracting artifacts/data_ingestion/data.zip to artifacts/data_ingestion...]
[2024-10-02 10:01:04,463: INFO: data_ingestion: Files extracted successfully.]
[2024-10-02 10:01:04,463: INFO: main: >>>>>>> stage Data Ingestion stage started <<<<<<<]
[2024-10-02 10:01:04,463: INFO: stage_01_data_ingestion: Configuration loaded successfully.]
[2024-10-02 10:01:04,463: INFO: data_ingestion: Root directory created at: artifacts/data_ingestion]
[2024-10-02 10:01:04,463: INFO: data_ingestion: Directory for local data file created at: artifacts/data_ingestion]
[2024-10-02 10:01:04,463: INFO: data_ingestion: Unzip directory created at: artifacts/data_ingestion]
[2024-10-02 10:01:04,463: INFO: stage_01_data_ingestion: Data ingestion configuration: {'root_dir': 'artifacts/data_ingestion', 'source_url': 'https://raw.githubusercontent.com/ragztigadi/data_files/c9830f66604257b903098b53d1755e4fbc71657d/summarizer-data.zip', 'local_data_file': 'artifacts/data_ingestion/data.zip', 'unzip_dir': 'artifacts/data_ingestion'}]
[2024-10-02 10:01:04,463: INFO: stage_01_data_ingestion: Source URL: https://raw.githubusercontent.com/ragztigadi/data_files/c9830f66604257b903098b53d1755e4fbc71657d/summarizer-data.zip]
[2024-10-02 10:01:04,463: INFO: data_ingestion: Downloading file from https://raw.githubusercontent.com/ragztigadi/data_files/c9830f66604257b903098b53d1755e4fbc71657d/summarizer-data.zip...]
[2024-10-02 10:01:05,028: INFO: data_ingestion: File downloaded successfully.]
[2024-10-02 10:01:05,028: INFO: main: >>>>>>> stage Data Ingestion stage completed <<<<<<<

x============x]
[2024-10-02 18:18:03,717: INFO: data_ingestion: Configuration loaded successfully.]
[2024-10-02 18:18:03,757: INFO: data_ingestion: Root directory created at: artifacts/data_ingestion]
[2024-10-02 18:18:03,757: INFO: data_ingestion: Directory for local data file created at: artifacts/data_ingestion]
[2024-10-02 18:18:03,758: INFO: data_ingestion: Unzip directory created at: artifacts/data_ingestion]
[2024-10-02 18:18:03,758: INFO: data_ingestion: Downloading file from https://raw.githubusercontent.com/ragztigadi/data_files/c9830f66604257b903098b53d1755e4fbc71657d/summarizer-data.zip...]
[2024-10-02 18:18:05,053: INFO: data_ingestion: File downloaded successfully.]
[2024-10-02 18:18:05,087: INFO: data_ingestion: Extracting artifacts/data_ingestion/data.zip to artifacts/data_ingestion...]
[2024-10-02 18:18:05,558: INFO: data_ingestion: Files extracted successfully.]
[2024-10-02 18:18:05,560: INFO: main: >>>>>>> stage Data Ingestion stage started <<<<<<<]
[2024-10-02 18:18:05,561: INFO: stage_01_data_ingestion: Configuration loaded successfully.]
[2024-10-02 18:18:05,561: INFO: data_ingestion: Root directory created at: artifacts/data_ingestion]
[2024-10-02 18:18:05,562: INFO: data_ingestion: Directory for local data file created at: artifacts/data_ingestion]
[2024-10-02 18:18:05,562: INFO: data_ingestion: Unzip directory created at: artifacts/data_ingestion]
[2024-10-02 18:18:05,562: INFO: stage_01_data_ingestion: Data ingestion configuration: {'root_dir': 'artifacts/data_ingestion', 'source_url': 'https://raw.githubusercontent.com/ragztigadi/data_files/c9830f66604257b903098b53d1755e4fbc71657d/summarizer-data.zip', 'local_data_file': 'artifacts/data_ingestion/data.zip', 'unzip_dir': 'artifacts/data_ingestion'}]
[2024-10-02 18:18:05,563: INFO: stage_01_data_ingestion: Source URL: https://raw.githubusercontent.com/ragztigadi/data_files/c9830f66604257b903098b53d1755e4fbc71657d/summarizer-data.zip]
[2024-10-02 18:18:05,563: INFO: data_ingestion: Downloading file from https://raw.githubusercontent.com/ragztigadi/data_files/c9830f66604257b903098b53d1755e4fbc71657d/summarizer-data.zip...]
[2024-10-02 18:18:06,184: INFO: data_ingestion: File downloaded successfully.]
[2024-10-02 18:18:06,187: INFO: main: >>>>>>> stage Data Ingestion stage completed <<<<<<<

x============x]
